{"C:\\Users\\hp\\Desktop\\week 6\\shopzone\\src\\components\\Button.jsx": {"path":"C:\\Users\\hp\\Desktop\\week 6\\shopzone\\src\\components\\Button.jsx","statementMap":{"0":{"start":{"line":3,"column":15},"end":{"line":9,"column":null}},"1":{"start":{"line":4,"column":2},"end":{"line":7,"column":null}}},"fnMap":{"0":{"name":"(anonymous_0)","decl":{"start":{"line":3,"column":15},"end":{"line":3,"column":16}},"loc":{"start":{"line":3,"column":77},"end":{"line":9,"column":null}},"line":3}},"branchMap":{"0":{"loc":{"start":{"line":3,"column":37},"end":{"line":3,"column":54}},"type":"default-arg","locations":[{"start":{"line":3,"column":44},"end":{"line":3,"column":54}}],"line":3},"1":{"loc":{"start":{"line":3,"column":54},"end":{"line":3,"column":71}},"type":"default-arg","locations":[{"start":{"line":3,"column":65},"end":{"line":3,"column":71}}],"line":3}},"s":{"0":1,"1":3},"f":{"0":3},"b":{"0":[3],"1":[3]},"meta":{"lastBranch":2,"lastFunction":1,"lastStatement":2,"seen":{"s:3:15:9:Infinity":0,"f:3:15:3:16":0,"b:3:44:3:54":0,"b:3:65:3:71":1,"s:4:2:7:Infinity":1}}}
,"C:\\Users\\hp\\Desktop\\week 6\\shopzone\\src\\components\\Card.jsx": {"path":"C:\\Users\\hp\\Desktop\\week 6\\shopzone\\src\\components\\Card.jsx","statementMap":{"0":{"start":{"line":3,"column":13},"end":{"line":12,"column":null}},"1":{"start":{"line":4,"column":2},"end":{"line":10,"column":null}}},"fnMap":{"0":{"name":"(anonymous_0)","decl":{"start":{"line":3,"column":13},"end":{"line":3,"column":14}},"loc":{"start":{"line":3,"column":38},"end":{"line":12,"column":null}},"line":3}},"branchMap":{"0":{"loc":{"start":{"line":6,"column":7},"end":{"line":6,"column":null}},"type":"binary-expr","locations":[{"start":{"line":6,"column":7},"end":{"line":6,"column":16}},{"start":{"line":6,"column":16},"end":{"line":6,"column":null}}],"line":6}},"s":{"0":1,"1":3},"f":{"0":3},"b":{"0":[3,2]},"meta":{"lastBranch":1,"lastFunction":1,"lastStatement":2,"seen":{"s:3:13:12:Infinity":0,"f:3:13:3:14":0,"s:4:2:10:Infinity":1,"b:6:7:6:16:6:16:6:Infinity":0}}}
,"C:\\Users\\hp\\Desktop\\week 6\\shopzone\\src\\components\\Counter.jsx": {"path":"C:\\Users\\hp\\Desktop\\week 6\\shopzone\\src\\components\\Counter.jsx","statementMap":{"0":{"start":{"line":3,"column":16},"end":{"line":24,"column":null}},"1":{"start":{"line":4,"column":24},"end":{"line":4,"column":null}},"2":{"start":{"line":6,"column":20},"end":{"line":6,"column":null}},"3":{"start":{"line":6,"column":26},"end":{"line":6,"column":null}},"4":{"start":{"line":7,"column":20},"end":{"line":7,"column":null}},"5":{"start":{"line":7,"column":26},"end":{"line":7,"column":null}},"6":{"start":{"line":8,"column":16},"end":{"line":8,"column":null}},"7":{"start":{"line":8,"column":22},"end":{"line":8,"column":null}},"8":{"start":{"line":10,"column":2},"end":{"line":22,"column":null}}},"fnMap":{"0":{"name":"(anonymous_0)","decl":{"start":{"line":3,"column":16},"end":{"line":3,"column":17}},"loc":{"start":{"line":3,"column":42},"end":{"line":24,"column":null}},"line":3},"1":{"name":"(anonymous_1)","decl":{"start":{"line":6,"column":20},"end":{"line":6,"column":26}},"loc":{"start":{"line":6,"column":26},"end":{"line":6,"column":null}},"line":6},"2":{"name":"(anonymous_2)","decl":{"start":{"line":7,"column":20},"end":{"line":7,"column":26}},"loc":{"start":{"line":7,"column":26},"end":{"line":7,"column":null}},"line":7},"3":{"name":"(anonymous_3)","decl":{"start":{"line":8,"column":16},"end":{"line":8,"column":22}},"loc":{"start":{"line":8,"column":22},"end":{"line":8,"column":null}},"line":8}},"branchMap":{"0":{"loc":{"start":{"line":3,"column":19},"end":{"line":3,"column":36}},"type":"default-arg","locations":[{"start":{"line":3,"column":34},"end":{"line":3,"column":36}}],"line":3}},"s":{"0":1,"1":20,"2":20,"3":8,"4":20,"5":4,"6":20,"7":1,"8":20},"f":{"0":20,"1":8,"2":4,"3":1},"b":{"0":[20]},"meta":{"lastBranch":1,"lastFunction":4,"lastStatement":9,"seen":{"s:3:16:24:Infinity":0,"f:3:16:3:17":0,"b:3:34:3:36":0,"s:4:24:4:Infinity":1,"s:6:20:6:Infinity":2,"f:6:20:6:26":1,"s:6:26:6:Infinity":3,"s:7:20:7:Infinity":4,"f:7:20:7:26":2,"s:7:26:7:Infinity":5,"s:8:16:8:Infinity":6,"f:8:16:8:22":3,"s:8:22:8:Infinity":7,"s:10:2:22:Infinity":8}}}
,"C:\\Users\\hp\\Desktop\\week 6\\shopzone\\src\\components\\Form.jsx": {"path":"C:\\Users\\hp\\Desktop\\week 6\\shopzone\\src\\components\\Form.jsx","statementMap":{"0":{"start":{"line":3,"column":13},"end":{"line":70,"column":null}},"1":{"start":{"line":4,"column":30},"end":{"line":8,"column":null}},"2":{"start":{"line":9,"column":32},"end":{"line":9,"column":null}},"3":{"start":{"line":11,"column":23},"end":{"line":17,"column":null}},"4":{"start":{"line":12,"column":28},"end":{"line":12,"column":null}},"5":{"start":{"line":13,"column":4},"end":{"line":16,"column":null}},"6":{"start":{"line":13,"column":27},"end":{"line":16,"column":6}},"7":{"start":{"line":19,"column":23},"end":{"line":27,"column":null}},"8":{"start":{"line":20,"column":4},"end":{"line":20,"column":null}},"9":{"start":{"line":21,"column":4},"end":{"line":26,"column":null}},"10":{"start":{"line":22,"column":6},"end":{"line":22,"column":null}},"11":{"start":{"line":23,"column":6},"end":{"line":25,"column":null}},"12":{"start":{"line":24,"column":8},"end":{"line":24,"column":null}},"13":{"start":{"line":29,"column":2},"end":{"line":68,"column":null}}},"fnMap":{"0":{"name":"(anonymous_0)","decl":{"start":{"line":3,"column":13},"end":{"line":3,"column":14}},"loc":{"start":{"line":3,"column":31},"end":{"line":70,"column":null}},"line":3},"1":{"name":"(anonymous_1)","decl":{"start":{"line":11,"column":23},"end":{"line":11,"column":24}},"loc":{"start":{"line":11,"column":30},"end":{"line":17,"column":null}},"line":11},"2":{"name":"(anonymous_2)","decl":{"start":{"line":13,"column":16},"end":{"line":13,"column":17}},"loc":{"start":{"line":13,"column":27},"end":{"line":16,"column":6}},"line":13},"3":{"name":"(anonymous_3)","decl":{"start":{"line":19,"column":23},"end":{"line":19,"column":24}},"loc":{"start":{"line":19,"column":30},"end":{"line":27,"column":null}},"line":19}},"branchMap":{"0":{"loc":{"start":{"line":21,"column":4},"end":{"line":26,"column":null}},"type":"if","locations":[{"start":{"line":21,"column":4},"end":{"line":26,"column":null}},{"start":{},"end":{}}],"line":21},"1":{"loc":{"start":{"line":21,"column":8},"end":{"line":21,"column":62}},"type":"binary-expr","locations":[{"start":{"line":21,"column":8},"end":{"line":21,"column":26}},{"start":{"line":21,"column":26},"end":{"line":21,"column":47}},{"start":{"line":21,"column":47},"end":{"line":21,"column":62}}],"line":21},"2":{"loc":{"start":{"line":23,"column":6},"end":{"line":25,"column":null}},"type":"if","locations":[{"start":{"line":23,"column":6},"end":{"line":25,"column":null}},{"start":{},"end":{}}],"line":23},"3":{"loc":{"start":{"line":67,"column":7},"end":{"line":67,"column":null}},"type":"binary-expr","locations":[{"start":{"line":67,"column":7},"end":{"line":67,"column":20}},{"start":{"line":67,"column":20},"end":{"line":67,"column":null}}],"line":67}},"s":{"0":1,"1":185,"2":185,"3":185,"4":173,"5":173,"6":173,"7":185,"8":2,"9":2,"10":2,"11":2,"12":1,"13":185},"f":{"0":185,"1":173,"2":173,"3":2},"b":{"0":[2,0],"1":[2,2,2],"2":[1,1],"3":[185,2]},"meta":{"lastBranch":4,"lastFunction":4,"lastStatement":14,"seen":{"s:3:13:70:Infinity":0,"f:3:13:3:14":0,"s:4:30:8:Infinity":1,"s:9:32:9:Infinity":2,"s:11:23:17:Infinity":3,"f:11:23:11:24":1,"s:12:28:12:Infinity":4,"s:13:4:16:Infinity":5,"f:13:16:13:17":2,"s:13:27:16:6":6,"s:19:23:27:Infinity":7,"f:19:23:19:24":3,"s:20:4:20:Infinity":8,"b:21:4:26:Infinity:undefined:undefined:undefined:undefined":0,"s:21:4:26:Infinity":9,"b:21:8:21:26:21:26:21:47:21:47:21:62":1,"s:22:6:22:Infinity":10,"b:23:6:25:Infinity:undefined:undefined:undefined:undefined":2,"s:23:6:25:Infinity":11,"s:24:8:24:Infinity":12,"s:29:2:68:Infinity":13,"b:67:7:67:20:67:20:67:Infinity":3}}}
,"C:\\Users\\hp\\Desktop\\week 6\\shopzone\\src\\components\\Input.jsx": {"path":"C:\\Users\\hp\\Desktop\\week 6\\shopzone\\src\\components\\Input.jsx","statementMap":{"0":{"start":{"line":3,"column":14},"end":{"line":13,"column":null}},"1":{"start":{"line":4,"column":2},"end":{"line":11,"column":null}}},"fnMap":{"0":{"name":"(anonymous_0)","decl":{"start":{"line":3,"column":14},"end":{"line":3,"column":15}},"loc":{"start":{"line":3,"column":77},"end":{"line":13,"column":null}},"line":3}},"branchMap":{"0":{"loc":{"start":{"line":3,"column":17},"end":{"line":3,"column":32}},"type":"default-arg","locations":[{"start":{"line":3,"column":24},"end":{"line":3,"column":32}}],"line":3}},"s":{"0":1,"1":3},"f":{"0":3},"b":{"0":[3]},"meta":{"lastBranch":1,"lastFunction":1,"lastStatement":2,"seen":{"s:3:14:13:Infinity":0,"f:3:14:3:15":0,"b:3:24:3:32":0,"s:4:2:11:Infinity":1}}}
,"C:\\Users\\hp\\Desktop\\week 6\\shopzone\\src\\components\\ProductList.jsx": {"path":"C:\\Users\\hp\\Desktop\\week 6\\shopzone\\src\\components\\ProductList.jsx","statementMap":{"0":{"start":{"line":3,"column":20},"end":{"line":58,"column":null}},"1":{"start":{"line":4,"column":30},"end":{"line":4,"column":null}},"2":{"start":{"line":5,"column":28},"end":{"line":5,"column":null}},"3":{"start":{"line":6,"column":24},"end":{"line":6,"column":null}},"4":{"start":{"line":8,"column":2},"end":{"line":30,"column":null}},"5":{"start":{"line":9,"column":26},"end":{"line":27,"column":null}},"6":{"start":{"line":10,"column":6},"end":{"line":26,"column":null}},"7":{"start":{"line":11,"column":8},"end":{"line":11,"column":null}},"8":{"start":{"line":12,"column":25},"end":{"line":12,"column":null}},"9":{"start":{"line":14,"column":8},"end":{"line":16,"column":null}},"10":{"start":{"line":15,"column":10},"end":{"line":15,"column":null}},"11":{"start":{"line":18,"column":21},"end":{"line":18,"column":null}},"12":{"start":{"line":19,"column":8},"end":{"line":19,"column":null}},"13":{"start":{"line":20,"column":8},"end":{"line":20,"column":null}},"14":{"start":{"line":22,"column":8},"end":{"line":22,"column":null}},"15":{"start":{"line":23,"column":8},"end":{"line":23,"column":null}},"16":{"start":{"line":25,"column":8},"end":{"line":25,"column":null}},"17":{"start":{"line":29,"column":4},"end":{"line":29,"column":null}},"18":{"start":{"line":32,"column":2},"end":{"line":34,"column":null}},"19":{"start":{"line":33,"column":4},"end":{"line":33,"column":null}},"20":{"start":{"line":36,"column":2},"end":{"line":38,"column":null}},"21":{"start":{"line":37,"column":4},"end":{"line":37,"column":null}},"22":{"start":{"line":40,"column":2},"end":{"line":56,"column":null}},"23":{"start":{"line":48,"column":12},"end":{"line":52,"column":null}}},"fnMap":{"0":{"name":"(anonymous_0)","decl":{"start":{"line":3,"column":20},"end":{"line":3,"column":21}},"loc":{"start":{"line":3,"column":73},"end":{"line":58,"column":null}},"line":3},"1":{"name":"(anonymous_1)","decl":{"start":{"line":8,"column":12},"end":{"line":8,"column":18}},"loc":{"start":{"line":8,"column":18},"end":{"line":30,"column":5}},"line":8},"2":{"name":"(anonymous_2)","decl":{"start":{"line":9,"column":26},"end":{"line":9,"column":38}},"loc":{"start":{"line":9,"column":38},"end":{"line":27,"column":null}},"line":9},"3":{"name":"(anonymous_3)","decl":{"start":{"line":47,"column":24},"end":{"line":47,"column":25}},"loc":{"start":{"line":48,"column":12},"end":{"line":52,"column":null}},"line":48}},"branchMap":{"0":{"loc":{"start":{"line":3,"column":23},"end":{"line":3,"column":67}},"type":"default-arg","locations":[{"start":{"line":3,"column":32},"end":{"line":3,"column":67}}],"line":3},"1":{"loc":{"start":{"line":14,"column":8},"end":{"line":16,"column":null}},"type":"if","locations":[{"start":{"line":14,"column":8},"end":{"line":16,"column":null}},{"start":{},"end":{}}],"line":14},"2":{"loc":{"start":{"line":32,"column":2},"end":{"line":34,"column":null}},"type":"if","locations":[{"start":{"line":32,"column":2},"end":{"line":34,"column":null}},{"start":{},"end":{}}],"line":32},"3":{"loc":{"start":{"line":36,"column":2},"end":{"line":38,"column":null}},"type":"if","locations":[{"start":{"line":36,"column":2},"end":{"line":38,"column":null}},{"start":{},"end":{}}],"line":36},"4":{"loc":{"start":{"line":43,"column":7},"end":{"line":54,"column":null}},"type":"cond-expr","locations":[{"start":{"line":44,"column":8},"end":{"line":44,"column":null}},{"start":{"line":46,"column":8},"end":{"line":54,"column":null}}],"line":43}},"s":{"0":1,"1":23,"2":23,"3":23,"4":23,"5":11,"6":11,"7":11,"8":11,"9":10,"10":1,"11":9,"12":8,"13":8,"14":3,"15":3,"16":11,"17":11,"18":23,"19":11,"20":12,"21":3,"22":9,"23":9},"f":{"0":23,"1":11,"2":11,"3":9},"b":{"0":[23],"1":[1,9],"2":[11,12],"3":[3,9],"4":[1,8]},"meta":{"lastBranch":5,"lastFunction":4,"lastStatement":24,"seen":{"s:3:20:58:Infinity":0,"f:3:20:3:21":0,"b:3:32:3:67":0,"s:4:30:4:Infinity":1,"s:5:28:5:Infinity":2,"s:6:24:6:Infinity":3,"s:8:2:30:Infinity":4,"f:8:12:8:18":1,"s:9:26:27:Infinity":5,"f:9:26:9:38":2,"s:10:6:26:Infinity":6,"s:11:8:11:Infinity":7,"s:12:25:12:Infinity":8,"b:14:8:16:Infinity:undefined:undefined:undefined:undefined":1,"s:14:8:16:Infinity":9,"s:15:10:15:Infinity":10,"s:18:21:18:Infinity":11,"s:19:8:19:Infinity":12,"s:20:8:20:Infinity":13,"s:22:8:22:Infinity":14,"s:23:8:23:Infinity":15,"s:25:8:25:Infinity":16,"s:29:4:29:Infinity":17,"b:32:2:34:Infinity:undefined:undefined:undefined:undefined":2,"s:32:2:34:Infinity":18,"s:33:4:33:Infinity":19,"b:36:2:38:Infinity:undefined:undefined:undefined:undefined":3,"s:36:2:38:Infinity":20,"s:37:4:37:Infinity":21,"s:40:2:56:Infinity":22,"b:44:8:44:Infinity:46:8:54:Infinity":4,"f:47:24:47:25":3,"s:48:12:52:Infinity":23}}}
}
